Datetime:2025-05-27 20:23:20,063 - Level:INFO - Module:database_utils - Function:clear_all_tables - Message:Successfully dropped 2 tables
Datetime:2025-05-27 20:23:20,068 - Level:INFO - Module:database_utils - Function:clear_all_views - Message:No views to clear
Datetime:2025-05-27 20:23:20,805 - Level:INFO - Module:exchanges_update - Function:exchanges_update - Message:Added 81 new exchanges to database
Datetime:2025-05-27 20:24:15,362 - Level:ERROR - Module:eodhd_utils - Function:_make_api_request - Message:API request failed: 404 Client Error: Not Found for url: https://eodhd.com/api/exchange-symbol-list/NYSE_ARCA?api_token=681ddd8658b116.90841875&fmt=json
Traceback (most recent call last):
  File "/home/jamesallen/projects/Project_Seldon/lib/data_centre/database/utils/eodhd_utils.py", line 95, in _make_api_request
    response.raise_for_status()
    ~~~~~~~~~~~~~~~~~~~~~~~~~^^
  File "/home/jamesallen/projects/Project_Seldon/.venv/lib/python3.13/site-packages/requests/models.py", line 1024, in raise_for_status
    raise HTTPError(http_error_msg, response=self)
requests.exceptions.HTTPError: 404 Client Error: Not Found for url: https://eodhd.com/api/exchange-symbol-list/NYSE_ARCA?api_token=681ddd8658b116.90841875&fmt=json
Datetime:2025-05-27 20:24:15,364 - Level:WARNING - Module:tickers_update - Function:tickers_update - Message:No ticker data for exchange NYSE_ARCA
Datetime:2025-05-27 20:24:16,184 - Level:ERROR - Module:eodhd_utils - Function:_make_api_request - Message:API request failed: 404 Client Error: Not Found for url: https://eodhd.com/api/exchange-symbol-list/NYSE_MKT?api_token=681ddd8658b116.90841875&fmt=json
Traceback (most recent call last):
  File "/home/jamesallen/projects/Project_Seldon/lib/data_centre/database/utils/eodhd_utils.py", line 95, in _make_api_request
    response.raise_for_status()
    ~~~~~~~~~~~~~~~~~~~~~~~~~^^
  File "/home/jamesallen/projects/Project_Seldon/.venv/lib/python3.13/site-packages/requests/models.py", line 1024, in raise_for_status
    raise HTTPError(http_error_msg, response=self)
requests.exceptions.HTTPError: 404 Client Error: Not Found for url: https://eodhd.com/api/exchange-symbol-list/NYSE_MKT?api_token=681ddd8658b116.90841875&fmt=json
Datetime:2025-05-27 20:24:16,187 - Level:WARNING - Module:tickers_update - Function:tickers_update - Message:No ticker data for exchange NYSE_MKT
