Datetime:2025-05-12 21:42:05,824 - Level:INFO - Module:database_utils - Function:clear_all_tables - Message:Successfully dropped 22 tables
Datetime:2025-05-12 21:42:06,624 - Level:INFO - Module:exchanges_update - Function:exchanges_update - Message:Added 2 new exchanges to database
Datetime:2025-05-12 21:42:08,029 - Level:INFO - Module:tickers_update - Function:tickers_update - Message:Added 83 new tickers to database
Datetime:2025-05-12 21:43:12,599 - Level:INFO - Module:populate_price_history - Function:populate_price_history - Message:Updated 59/59 historical prices for IR
Datetime:2025-05-12 21:43:29,102 - Level:INFO - Module:populate_price_history - Function:populate_price_history - Message:Updated 24/24 historical prices for LUSE
Datetime:2025-05-12 21:43:29,145 - Level:INFO - Module:database_utils - Function:clear_all_views - Message:Successfully cleared 1 views
Datetime:2025-05-12 21:43:29,351 - Level:INFO - Module:update_views - Function:update_close_price_view - Message:Checked 2 exchanges, created 2 views. Unable to create views for exchanges: []
Datetime:2025-05-12 21:45:45,583 - Level:INFO - Module:daily_price_update - Function:daily_price_update - Message:Prices for IR already up to date
Datetime:2025-05-12 21:45:46,278 - Level:INFO - Module:daily_price_update - Function:daily_price_update - Message:Prices for LUSE already up to date
Datetime:2025-05-12 21:49:06,668 - Level:INFO - Module:database_utils - Function:clear_all_tables - Message:Successfully dropped 23 tables
Datetime:2025-05-12 21:49:07,381 - Level:INFO - Module:exchanges_update - Function:exchanges_update - Message:Added 2 new exchanges to database
Datetime:2025-05-12 21:49:08,847 - Level:INFO - Module:tickers_update - Function:tickers_update - Message:Added 83 new tickers to database
Datetime:2025-05-12 21:50:12,879 - Level:INFO - Module:populate_price_history - Function:populate_price_history - Message:Updated 59/59 historical prices for IR
Datetime:2025-05-12 21:50:31,027 - Level:INFO - Module:populate_price_history - Function:populate_price_history - Message:Updated 24/24 historical prices for LUSE
Datetime:2025-05-12 21:50:31,095 - Level:INFO - Module:database_utils - Function:clear_all_views - Message:Successfully cleared 2 views
Datetime:2025-05-12 21:50:31,197 - Level:INFO - Module:update_views - Function:update_close_price_view - Message:Checked 2 exchanges, created 2 views. Unable to create views for exchanges: []
Datetime:2025-05-12 21:58:26,681 - Level:INFO - Module:database_utils - Function:clear_all_tables - Message:Successfully dropped 23 tables
Datetime:2025-05-12 21:58:27,370 - Level:INFO - Module:exchanges_update - Function:exchanges_update - Message:Added 2 new exchanges to database
Datetime:2025-05-12 21:58:28,695 - Level:INFO - Module:tickers_update - Function:tickers_update - Message:Added 83 new tickers to database
Datetime:2025-05-12 22:02:30,949 - Level:INFO - Module:database_utils - Function:clear_all_tables - Message:Successfully dropped 5 tables
Datetime:2025-05-12 22:02:31,662 - Level:INFO - Module:exchanges_update - Function:exchanges_update - Message:Added 2 new exchanges to database
Datetime:2025-05-12 22:02:33,047 - Level:INFO - Module:tickers_update - Function:tickers_update - Message:Added 83 new tickers to database
Datetime:2025-05-12 22:03:36,452 - Level:INFO - Module:populate_price_history - Function:populate_price_history - Message:Updated 59/59 historical prices for IR
Datetime:2025-05-12 22:03:53,834 - Level:INFO - Module:populate_price_history - Function:populate_price_history - Message:Updated 24/24 historical prices for LUSE
Datetime:2025-05-12 22:03:53,900 - Level:INFO - Module:database_utils - Function:clear_all_views - Message:Successfully cleared 2 views
Datetime:2025-05-12 22:03:54,022 - Level:INFO - Module:update_views - Function:update_close_price_view - Message:Checked 2 exchanges, created 2 views. Unable to create views for exchanges: []
