nohup: ignoring input
Datetime:2025-05-15 12:57:45,786 - Level:INFO - Module:database_utils - Function:clear_all_tables - Message:Successfully dropped 1235 tables
Datetime:2025-05-15 12:57:45,788 - Level:INFO - Module:database_utils - Function:clear_all_views - Message:No views to clear
Datetime:2025-05-15 12:57:46,440 - Level:ERROR - Module:exchanges_update - Function:exchanges_update - Message:Failed to update exchanges
Traceback (most recent call last):
  File "/home/jamesallen/Project_Seldon/lib/data_centre/database/scripts/exchanges_update.py", line 147, in exchanges_update
    eod_exchanges = _get_eodhd_exchanges(EODHD_CONFIG['api_key'])
  File "/home/jamesallen/Project_Seldon/lib/data_centre/database/scripts/exchanges_update.py", line 73, in _get_eodhd_exchanges
    df = eodhd_utils.retrieve_exchanges(api_key)
  File "/home/jamesallen/Project_Seldon/lib/data_centre/database/utils/eodhd_utils.py", line 107, in retrieve_exchanges
    print(data.head())
          ^^^^^^^^^
AttributeError: 'list' object has no attribute 'head'
Traceback (most recent call last):
  File "/home/jamesallen/Project_Seldon/lib/data_centre/database/initialise_database.py", line 56, in <module>
    sys.exit(main())
             ~~~~^^
  File "/home/jamesallen/Project_Seldon/lib/data_centre/database/initialise_database.py", line 39, in main
    exchanges_update(DB_CONFIG)
    ~~~~~~~~~~~~~~~~^^^^^^^^^^^
  File "/home/jamesallen/Project_Seldon/lib/data_centre/database/scripts/exchanges_update.py", line 147, in exchanges_update
    eod_exchanges = _get_eodhd_exchanges(EODHD_CONFIG['api_key'])
  File "/home/jamesallen/Project_Seldon/lib/data_centre/database/scripts/exchanges_update.py", line 73, in _get_eodhd_exchanges
    df = eodhd_utils.retrieve_exchanges(api_key)
  File "/home/jamesallen/Project_Seldon/lib/data_centre/database/utils/eodhd_utils.py", line 107, in retrieve_exchanges
    print(data.head())
          ^^^^^^^^^
AttributeError: 'list' object has no attribute 'head'
